# JRE version: OpenJDK Runtime Environment (8.0_25-b18) (build 1.8.0_25-b18)
# Java VM: OpenJDK 64-Bit Server VM (25.25-b02 mixed mode linux-amd64 compressed oops)
Heap:
 PSYoungGen      total 18432K, used 2923K [0x00000000ebf00000, 0x00000000ed380000, 0x0000000100000000)
  eden space 15872K, 18% used [0x00000000ebf00000,0x00000000ec1daf70,0x00000000ece80000)
  from space 2560K, 0% used [0x00000000ed100000,0x00000000ed100000,0x00000000ed380000)
  to   space 2560K, 0% used [0x00000000ece80000,0x00000000ece80000,0x00000000ed100000)
 ParOldGen       total 42496K, used 1321K [0x00000000c3c00000, 0x00000000c6580000, 0x00000000ebf00000)
  object space 42496K, 3% used [0x00000000c3c00000,0x00000000c3d4a7a0,0x00000000c6580000)
 Metaspace       used 8208K, capacity 8426K, committed 8576K, reserved 1056768K
  class space    used 955K, capacity 1033K, committed 1152K, reserved 1048576K
GC Heap History (6 events):
Event: 20.738 GC heap before
{Heap before GC invocations=1 (full 0):
 PSYoungGen      total 18432K, used 15872K [0x00000000ebf00000, 0x00000000ed380000, 0x0000000100000000)
  eden space 15872K, 100% used [0x00000000ebf00000,0x00000000ece80000,0x00000000ece80000)
  from space 2560K, 0% used [0x00000000ed100000,0x00000000ed100000,0x00000000ed380000)
  to   space 2560K, 0% used [0x00000000ece80000,0x00000000ece80000,0x00000000ed100000)
 ParOldGen       total 42496K, used 0K [0x00000000c3c00000, 0x00000000c6580000, 0x00000000ebf00000)
  object space 42496K, 0% used [0x00000000c3c00000,0x00000000c3c00000,0x00000000c6580000)
 Metaspace       used 7059K, capacity 7212K, committed 7296K, reserved 1056768K
  class space    used 802K, capacity 868K, committed 896K, reserved 1048576K
Event: 20.751 GC heap after
Heap after GC invocations=1 (full 0):
 PSYoungGen      total 18432K, used 2484K [0x00000000ebf00000, 0x00000000ed380000, 0x0000000100000000)
  eden space 15872K, 0% used [0x00000000ebf00000,0x00000000ebf00000,0x00000000ece80000)
  from space 2560K, 97% used [0x00000000ece80000,0x00000000ed0ed150,0x00000000ed100000)
  to   space 2560K, 0% used [0x00000000ed100000,0x00000000ed100000,0x00000000ed380000)
 ParOldGen       total 42496K, used 8K [0x00000000c3c00000, 0x00000000c6580000, 0x00000000ebf00000)
  object space 42496K, 0% used [0x00000000c3c00000,0x00000000c3c02000,0x00000000c6580000)
 Metaspace       used 7059K, capacity 7212K, committed 7296K, reserved 1056768K
  class space    used 802K, capacity 868K, committed 896K, reserved 1048576K
}
Event: 71.088 GC heap before
{Heap before GC invocations=2 (full 0):
 PSYoungGen      total 18432K, used 4297K [0x00000000ebf00000, 0x00000000ed380000, 0x0000000100000000)
  eden space 15872K, 11% used [0x00000000ebf00000,0x00000000ec0c53f8,0x00000000ece80000)
  from space 2560K, 97% used [0x00000000ece80000,0x00000000ed0ed150,0x00000000ed100000)
  to   space 2560K, 0% used [0x00000000ed100000,0x00000000ed100000,0x00000000ed380000)
 ParOldGen       total 42496K, used 8K [0x00000000c3c00000, 0x00000000c6580000, 0x00000000ebf00000)
  object space 42496K, 0% used [0x00000000c3c00000,0x00000000c3c02000,0x00000000c6580000)
 Metaspace       used 7613K, capacity 7762K, committed 7936K, reserved 1056768K
  class space    used 879K, capacity 965K, committed 1024K, reserved 1048576K
Event: 71.094 GC heap after
Heap after GC invocations=2 (full 0):
 PSYoungGen      total 18432K, used 1408K [0x00000000ebf00000, 0x00000000ed380000, 0x0000000100000000)
  eden space 15872K, 0% used [0x00000000ebf00000,0x00000000ebf00000,0x00000000ece80000)
  from space 2560K, 55% used [0x00000000ed100000,0x00000000ed260000,0x00000000ed380000)
  to   space 2560K, 0% used [0x00000000ece80000,0x00000000ece80000,0x00000000ed100000)
 ParOldGen       total 42496K, used 16K [0x00000000c3c00000, 0x00000000c6580000, 0x00000000ebf00000)
  object space 42496K, 0% used [0x00000000c3c00000,0x00000000c3c04000,0x00000000c6580000)
 Metaspace       used 7613K, capacity 7762K, committed 7936K, reserved 1056768K
  class space    used 879K, capacity 965K, committed 1024K, reserved 1048576K
}
Event: 71.094 GC heap before
{Heap before GC invocations=3 (full 1):
 PSYoungGen      total 18432K, used 1408K [0x00000000ebf00000, 0x00000000ed380000, 0x0000000100000000)
  eden space 15872K, 0% used [0x00000000ebf00000,0x00000000ebf00000,0x00000000ece80000)
  from space 2560K, 55% used [0x00000000ed100000,0x00000000ed260000,0x00000000ed380000)
  to   space 2560K, 0% used [0x00000000ece80000,0x00000000ece80000,0x00000000ed100000)
 ParOldGen       total 42496K, used 16K [0x00000000c3c00000, 0x00000000c6580000, 0x00000000ebf00000)
  object space 42496K, 0% used [0x00000000c3c00000,0x00000000c3c04000,0x00000000c6580000)
 Metaspace       used 7613K, capacity 7762K, committed 7936K, reserved 1056768K
  class space    used 879K, capacity 965K, committed 1024K, reserved 1048576K
Event: 71.111 GC heap after
Heap after GC invocations=3 (full 1):
 PSYoungGen      total 18432K, used 0K [0x00000000ebf00000, 0x00000000ed380000, 0x0000000100000000)
  eden space 15872K, 0% used [0x00000000ebf00000,0x00000000ebf00000,0x00000000ece80000)
  from space 2560K, 0% used [0x00000000ed100000,0x00000000ed100000,0x00000000ed380000)
  to   space 2560K, 0% used [0x00000000ece80000,0x00000000ece80000,0x00000000ed100000)
 ParOldGen       total 42496K, used 1321K [0x00000000c3c00000, 0x00000000c6580000, 0x00000000ebf00000)
  object space 42496K, 3% used [0x00000000c3c00000,0x00000000c3d4a7a0,0x00000000c6580000)
 Metaspace       used 7613K, capacity 7762K, committed 7936K, reserved 1056768K
  class space    used 879K, capacity 965K, committed 1024K, reserved 1048576K
}

