# JRE version: OpenJDK Runtime Environment (8.0_25-b18) (build 1.8.0_25-b18)
# Java VM: OpenJDK 64-Bit Server VM (25.25-b02 mixed mode linux-amd64 compressed oops)
Heap:
 PSYoungGen      total 18432K, used 1831K [0x00000000ebf00000, 0x00000000ed380000, 0x0000000100000000)
  eden space 15872K, 11% used [0x00000000ebf00000,0x00000000ec0c9f78,0x00000000ece80000)
  from space 2560K, 0% used [0x00000000ed100000,0x00000000ed100000,0x00000000ed380000)
  to   space 2560K, 0% used [0x00000000ece80000,0x00000000ece80000,0x00000000ed100000)
 ParOldGen       total 42496K, used 1481K [0x00000000c3c00000, 0x00000000c6580000, 0x00000000ebf00000)
  object space 42496K, 3% used [0x00000000c3c00000,0x00000000c3d72420,0x00000000c6580000)
 Metaspace       used 7209K, capacity 7426K, committed 7680K, reserved 1056768K
  class space    used 854K, capacity 904K, committed 1024K, reserved 1048576K
GC Heap History (6 events):
Event: 21.644 GC heap before
{Heap before GC invocations=1 (full 0):
 PSYoungGen      total 18432K, used 15872K [0x00000000ebf00000, 0x00000000ed380000, 0x0000000100000000)
  eden space 15872K, 100% used [0x00000000ebf00000,0x00000000ece80000,0x00000000ece80000)
  from space 2560K, 0% used [0x00000000ed100000,0x00000000ed100000,0x00000000ed380000)
  to   space 2560K, 0% used [0x00000000ece80000,0x00000000ece80000,0x00000000ed100000)
 ParOldGen       total 42496K, used 0K [0x00000000c3c00000, 0x00000000c6580000, 0x00000000ebf00000)
  object space 42496K, 0% used [0x00000000c3c00000,0x00000000c3c00000,0x00000000c6580000)
 Metaspace       used 5473K, capacity 5614K, committed 5760K, reserved 1056768K
  class space    used 614K, capacity 630K, committed 640K, reserved 1048576K
Event: 21.651 GC heap after
Heap after GC invocations=1 (full 0):
 PSYoungGen      total 18432K, used 1738K [0x00000000ebf00000, 0x00000000ed380000, 0x0000000100000000)
  eden space 15872K, 0% used [0x00000000ebf00000,0x00000000ebf00000,0x00000000ece80000)
  from space 2560K, 67% used [0x00000000ece80000,0x00000000ed032820,0x00000000ed100000)
  to   space 2560K, 0% used [0x00000000ed100000,0x00000000ed100000,0x00000000ed380000)
 ParOldGen       total 42496K, used 8K [0x00000000c3c00000, 0x00000000c6580000, 0x00000000ebf00000)
  object space 42496K, 0% used [0x00000000c3c00000,0x00000000c3c02000,0x00000000c6580000)
 Metaspace       used 5473K, capacity 5614K, committed 5760K, reserved 1056768K
  class space    used 614K, capacity 630K, committed 640K, reserved 1048576K
}
Event: 42.258 GC heap before
{Heap before GC invocations=2 (full 0):
 PSYoungGen      total 18432K, used 8532K [0x00000000ebf00000, 0x00000000ed380000, 0x0000000100000000)
  eden space 15872K, 42% used [0x00000000ebf00000,0x00000000ec5a2b18,0x00000000ece80000)
  from space 2560K, 67% used [0x00000000ece80000,0x00000000ed032820,0x00000000ed100000)
  to   space 2560K, 0% used [0x00000000ed100000,0x00000000ed100000,0x00000000ed380000)
 ParOldGen       total 42496K, used 8K [0x00000000c3c00000, 0x00000000c6580000, 0x00000000ebf00000)
  object space 42496K, 0% used [0x00000000c3c00000,0x00000000c3c02000,0x00000000c6580000)
 Metaspace       used 6945K, capacity 7178K, committed 7296K, reserved 1056768K
  class space    used 812K, capacity 868K, committed 896K, reserved 1048576K
Event: 42.264 GC heap after
Heap after GC invocations=2 (full 0):
 PSYoungGen      total 18432K, used 1523K [0x00000000ebf00000, 0x00000000ed380000, 0x0000000100000000)
  eden space 15872K, 0% used [0x00000000ebf00000,0x00000000ebf00000,0x00000000ece80000)
  from space 2560K, 59% used [0x00000000ed100000,0x00000000ed27cc40,0x00000000ed380000)
  to   space 2560K, 0% used [0x00000000ece80000,0x00000000ece80000,0x00000000ed100000)
 ParOldGen       total 42496K, used 16K [0x00000000c3c00000, 0x00000000c6580000, 0x00000000ebf00000)
  object space 42496K, 0% used [0x00000000c3c00000,0x00000000c3c04000,0x00000000c6580000)
 Metaspace       used 6945K, capacity 7178K, committed 7296K, reserved 1056768K
  class space    used 812K, capacity 868K, committed 896K, reserved 1048576K
}
Event: 42.264 GC heap before
{Heap before GC invocations=3 (full 1):
 PSYoungGen      total 18432K, used 1523K [0x00000000ebf00000, 0x00000000ed380000, 0x0000000100000000)
  eden space 15872K, 0% used [0x00000000ebf00000,0x00000000ebf00000,0x00000000ece80000)
  from space 2560K, 59% used [0x00000000ed100000,0x00000000ed27cc40,0x00000000ed380000)
  to   space 2560K, 0% used [0x00000000ece80000,0x00000000ece80000,0x00000000ed100000)
 ParOldGen       total 42496K, used 16K [0x00000000c3c00000, 0x00000000c6580000, 0x00000000ebf00000)
  object space 42496K, 0% used [0x00000000c3c00000,0x00000000c3c04000,0x00000000c6580000)
 Metaspace       used 6945K, capacity 7178K, committed 7296K, reserved 1056768K
  class space    used 812K, capacity 868K, committed 896K, reserved 1048576K
Event: 42.289 GC heap after
Heap after GC invocations=3 (full 1):
 PSYoungGen      total 18432K, used 0K [0x00000000ebf00000, 0x00000000ed380000, 0x0000000100000000)
  eden space 15872K, 0% used [0x00000000ebf00000,0x00000000ebf00000,0x00000000ece80000)
  from space 2560K, 0% used [0x00000000ed100000,0x00000000ed100000,0x00000000ed380000)
  to   space 2560K, 0% used [0x00000000ece80000,0x00000000ece80000,0x00000000ed100000)
 ParOldGen       total 42496K, used 1481K [0x00000000c3c00000, 0x00000000c6580000, 0x00000000ebf00000)
  object space 42496K, 3% used [0x00000000c3c00000,0x00000000c3d72420,0x00000000c6580000)
 Metaspace       used 6945K, capacity 7178K, committed 7296K, reserved 1056768K
  class space    used 812K, capacity 868K, committed 896K, reserved 1048576K
}

